2022-06-07 21:52:31,404 [Worker-5: Loading available Gradle versions] INFO  o.e.b.c.i.u.g.PublishedGradleVersions - Gradle version information cache is out-of-date. Trying to update.
2022-06-07 23:37:19,564 [Worker-3: Loading available Gradle versions] INFO  o.e.b.c.i.u.g.PublishedGradleVersions - Gradle version information cache is up-to-date. Trying to read.
2022-06-08 11:02:42,957 [Worker-4: Loading available Gradle versions] INFO  o.e.b.c.i.u.g.PublishedGradleVersions - Gradle version information cache is up-to-date. Trying to read.
2022-06-09 23:27:58,544 [Worker-1: Loading available Gradle versions] INFO  o.e.b.c.i.u.g.PublishedGradleVersions - Gradle version information cache is up-to-date. Trying to read.
2022-06-11 17:00:37,310 [Worker-0: Loading available Gradle versions] INFO  o.e.b.c.i.u.g.PublishedGradleVersions - Gradle version information cache is out-of-date. Trying to update.
2022-06-11 18:54:24,559 [Worker-4: Loading available Gradle versions] INFO  o.e.b.c.i.u.g.PublishedGradleVersions - Gradle version information cache is up-to-date. Trying to read.
2022-06-12 13:39:04,235 [Worker-4: Loading available Gradle versions] INFO  o.e.b.c.i.u.g.PublishedGradleVersions - Gradle version information cache is up-to-date. Trying to read.
2022-06-14 21:58:57,683 [Worker-2: Loading available Gradle versions] INFO  o.e.b.c.i.u.g.PublishedGradleVersions - Gradle version information cache is out-of-date. Trying to update.
2022-06-16 10:12:50,961 [Worker-3: Loading available Gradle versions] INFO  o.e.b.c.i.u.g.PublishedGradleVersions - Gradle version information cache is out-of-date. Trying to update.
2022-06-17 14:09:00,746 [Worker-0: Loading available Gradle versions] INFO  o.e.b.c.i.u.g.PublishedGradleVersions - Gradle version information cache is out-of-date. Trying to update.
2022-06-17 15:44:38,572 [Worker-3: Loading available Gradle versions] INFO  o.e.b.c.i.u.g.PublishedGradleVersions - Gradle version information cache is up-to-date. Trying to read.
2022-06-17 16:01:04,404 [Worker-24: Updating Maven Dependencies] INFO  o.e.m.c.i.l.LifecycleMappingFactory - Using org.eclipse.m2e.jdt.JarLifecycleMapping lifecycle mapping for MavenProject: Taller:JuegoTcp:0.0.1-SNAPSHOT @ C:\Users\santi\OneDrive\Escritorio\Universidad\Programacion Avanzada\JUEGO TALLER\JuegoTcp\pom.xml.
2022-06-17 16:01:04,404 [Worker-23: Building] INFO  o.e.m.c.i.l.LifecycleMappingFactory - Using org.eclipse.m2e.jdt.JarLifecycleMapping lifecycle mapping for MavenProject: Taller:JuegoTcp:0.0.1-SNAPSHOT @ C:\Users\santi\OneDrive\Escritorio\Universidad\Programacion Avanzada\JUEGO TALLER\JuegoTcp\pom.xml.
2022-06-17 16:01:06,867 [Worker-23: Building] WARN  o.e.m.c.i.embedder.EclipseLogger - Using platform encoding (Cp1252 actually) to copy filtered resources, i.e. build is platform dependent!
2022-06-17 16:01:06,877 [Worker-23: Building] INFO  o.e.m.c.i.embedder.EclipseLogger - Copying 32 resources
2022-06-17 16:01:07,998 [Worker-23: Building] WARN  o.e.m.c.i.embedder.EclipseLogger - Using platform encoding (Cp1252 actually) to copy filtered resources, i.e. build is platform dependent!
2022-06-17 16:01:08,006 [Worker-23: Building] INFO  o.e.m.c.i.embedder.EclipseLogger - Copying 0 resource
2022-06-17 16:01:10,029 [Worker-27: Updating Maven Dependencies] INFO  o.e.m.c.i.l.LifecycleMappingFactory - Using org.eclipse.m2e.jdt.JarLifecycleMapping lifecycle mapping for MavenProject: Taller:JuegoTcp:0.0.1-SNAPSHOT @ C:\Users\santi\OneDrive\Escritorio\Universidad\Programacion Avanzada\JUEGO TALLER\JuegoTcp\pom.xml.
2022-06-17 16:01:10,333 [Worker-23: Building] WARN  o.e.m.c.i.embedder.EclipseLogger - Using platform encoding (Cp1252 actually) to copy filtered resources, i.e. build is platform dependent!
2022-06-17 16:01:10,355 [Worker-23: Building] INFO  o.e.m.c.i.embedder.EclipseLogger - Copying 32 resources
2022-06-17 16:01:10,883 [Worker-23: Building] WARN  o.e.m.c.i.embedder.EclipseLogger - Using platform encoding (Cp1252 actually) to copy filtered resources, i.e. build is platform dependent!
2022-06-17 16:01:10,890 [Worker-23: Building] INFO  o.e.m.c.i.embedder.EclipseLogger - Copying 0 resource
2022-06-17 16:01:12,601 [Worker-25: Building] WARN  o.e.m.c.i.embedder.EclipseLogger - Using platform encoding (Cp1252 actually) to copy filtered resources, i.e. build is platform dependent!
2022-06-17 16:01:12,632 [Worker-25: Building] INFO  o.e.m.c.i.embedder.EclipseLogger - Copying 32 resources
2022-06-17 16:01:12,656 [Worker-25: Building] WARN  o.e.m.c.i.embedder.EclipseLogger - Using platform encoding (Cp1252 actually) to copy filtered resources, i.e. build is platform dependent!
2022-06-17 16:01:12,682 [Worker-25: Building] INFO  o.e.m.c.i.embedder.EclipseLogger - Copying 0 resource
2022-06-17 16:01:18,908 [main] INFO  o.e.m2e.actions.ExecutePomAction - Creating new launch configuration
2022-06-17 16:01:25,108 [Worker-28: Launching JuegoTcp] INFO  o.e.m.i.launch.MavenLaunchDelegate - C:\Users\santi\OneDrive\Escritorio\Universidad\Programacion Avanzada\JUEGO TALLER\JuegoTcp
2022-06-17 16:01:25,109 [Worker-28: Launching JuegoTcp] INFO  o.e.m.i.launch.MavenLaunchDelegate -  mvn -B javafx:run
2022-06-17 16:02:41,942 [Worker-26: Building] INFO  o.e.m.c.i.l.LifecycleMappingFactory - Using org.eclipse.m2e.jdt.JarLifecycleMapping lifecycle mapping for MavenProject: Taller:Projecto:0.0.1-SNAPSHOT @ C:\Users\santi\OneDrive\Escritorio\road-fighter-main\pom.xml.
2022-06-17 16:02:42,474 [Worker-26: Building] INFO  o.e.m.c.i.embedder.EclipseLogger - Using 'UTF-8' encoding to copy filtered resources.
2022-06-17 16:02:42,476 [Worker-26: Building] INFO  o.e.m.c.i.embedder.EclipseLogger - Copying 37 resources
2022-06-17 16:02:42,489 [Worker-26: Building] INFO  o.e.m.c.i.embedder.EclipseLogger - Using 'UTF-8' encoding to copy filtered resources.
2022-06-17 16:02:42,489 [Worker-26: Building] INFO  o.e.m.c.i.embedder.EclipseLogger - skip non existing resourceDirectory C:\Users\santi\OneDrive\Escritorio\road-fighter-main\src\test\resources
2022-06-17 16:02:43,463 [Worker-26: Updating Maven Dependencies] INFO  o.e.m.c.i.l.LifecycleMappingFactory - Using org.eclipse.m2e.jdt.JarLifecycleMapping lifecycle mapping for MavenProject: Taller:Projecto:0.0.1-SNAPSHOT @ C:\Users\santi\OneDrive\Escritorio\road-fighter-main\pom.xml.
2022-06-17 16:02:43,762 [Worker-21: Building] INFO  o.e.m.c.i.embedder.EclipseLogger - Using 'UTF-8' encoding to copy filtered resources.
2022-06-17 16:02:43,763 [Worker-21: Building] INFO  o.e.m.c.i.embedder.EclipseLogger - Copying 0 resource
2022-06-17 16:02:43,765 [Worker-21: Building] INFO  o.e.m.c.i.embedder.EclipseLogger - Using 'UTF-8' encoding to copy filtered resources.
2022-06-17 16:02:43,765 [Worker-21: Building] INFO  o.e.m.c.i.embedder.EclipseLogger - skip non existing resourceDirectory C:\Users\santi\OneDrive\Escritorio\road-fighter-main\src\test\resources
2022-06-17 16:02:47,989 [main] INFO  o.e.m2e.actions.ExecutePomAction - Creating new launch configuration
2022-06-17 16:02:51,097 [Worker-28: Launching road-fighter-main] INFO  o.e.m.i.launch.MavenLaunchDelegate - C:\Users\santi\OneDrive\Escritorio\road-fighter-main
